09:50:56.698 [Daemon worker Thread 8] INFO  o.a.AndroidAnnotationProcessor:83 - Initialize AndroidAnnotations 3.3.2 with options {androidManifestFile=C:\Users\student7.WZR\Downloads\AndroidApp400-master\AndroidApp400-master\app\build\intermediates\manifests\full\debug\AndroidManifest.xml}
09:50:56.835 [Daemon worker Thread 8] INFO  o.a.AndroidAnnotationProcessor:107 - Start processing for 7 annotations on 5 elements
09:50:56.840 [Daemon worker Thread 8] DEBUG o.a.h.AndroidManifestFinder:98 - AndroidManifest.xml file found with specified path: C:\Users\student7.WZR\Downloads\AndroidApp400-master\AndroidApp400-master\app\build\intermediates\manifests\full\debug\AndroidManifest.xml
09:50:56.845 [Daemon worker Thread 8] INFO  o.a.AndroidAnnotationProcessor:170 - AndroidManifest.xml found: AndroidManifest [applicationPackage=pl.edu.ug.aib.firstApp, componentQualifiedNames=[pl.edu.ug.aib.firstApp.FirstActivity_, pl.edu.ug.aib.firstApp.SecondActivity_], permissionQualifiedNames=[], applicationClassName=null, libraryProject=false, debugabble=false, minSdkVersion=10, maxSdkVersion=-1, targetSdkVersion=23]
09:50:56.846 [Daemon worker Thread 8] INFO  o.a.r.ProjectRClassFinder:50 - Found project R class: pl.edu.ug.aib.firstApp.R
09:50:56.854 [Daemon worker Thread 8] INFO  o.a.r.AndroidRClassFinder:44 - Found Android class: android.R
09:50:56.878 [Daemon worker Thread 8] INFO  o.a.p.ModelValidator:42 - Validating elements
09:50:56.879 [Daemon worker Thread 8] DEBUG o.a.p.ModelValidator:62 - Validating with EActivityHandler: [pl.edu.ug.aib.firstApp.FirstActivity, pl.edu.ug.aib.firstApp.SecondActivity]
09:50:56.885 [Daemon worker Thread 8] DEBUG o.a.p.ModelValidator:62 - Validating with ViewByIdHandler: [username, password, welcomeText, phoneNumber]
09:50:56.887 [Daemon worker Thread 8] DEBUG o.a.p.ModelValidator:62 - Validating with ClickHandler: [loginClicked(), dialClicked()]
09:50:56.889 [Daemon worker Thread 8] DEBUG o.a.p.ModelValidator:62 - Validating with OptionsMenuHandler: [pl.edu.ug.aib.firstApp.FirstActivity]
09:50:56.891 [Daemon worker Thread 8] DEBUG o.a.p.ModelValidator:62 - Validating with OptionsItemHandler: [settingsSelected()]
09:50:56.892 [Daemon worker Thread 8] DEBUG o.a.p.ModelValidator:62 - Validating with ExtraHandler: [username]
09:50:56.894 [Daemon worker Thread 8] DEBUG o.a.p.ModelValidator:62 - Validating with AfterViewsHandler: [init()]
09:50:56.904 [Daemon worker Thread 8] INFO  o.a.p.ModelProcessor:74 - Processing root elements
09:50:56.905 [Daemon worker Thread 8] DEBUG o.a.p.ModelProcessor:176 - Processing root elements EActivityHandler: [pl.edu.ug.aib.firstApp.FirstActivity, pl.edu.ug.aib.firstApp.SecondActivity]
09:50:56.943 [Daemon worker Thread 8] INFO  o.a.p.ModelProcessor:86 - Processing enclosed elements
09:50:56.952 [Daemon worker Thread 8] INFO  o.a.AndroidAnnotationProcessor:249 - Number of files generated by AndroidAnnotations: 2
09:50:56.953 [Daemon worker Thread 8] INFO  o.a.g.ApiCodeGenerator:52 - Writting following API classes in project: []
09:50:56.955 [Daemon worker Thread 8] DEBUG o.a.g.SourceCodewriter:55 - Generating class: pl.edu.ug.aib.firstApp.FirstActivity_
09:50:56.984 [Daemon worker Thread 8] DEBUG o.a.g.SourceCodewriter:55 - Generating class: pl.edu.ug.aib.firstApp.SecondActivity_
09:50:57.10 [Daemon worker Thread 8] INFO  o.a.p.TimeStats:81 - Time measurements: [Whole Processing = 176 ms], [Generate Sources = 58 ms], [Process Annotations = 56 ms], [Find R Classes = 19 ms], [Validate Annotations = 19 ms], [Extract Manifest = 6 ms], [Extract Annotations = 4 ms], 
09:50:57.10 [Daemon worker Thread 8] INFO  o.a.AndroidAnnotationProcessor:121 - Finish processing
09:51:53.820 [Daemon worker Thread 8] INFO  o.a.AndroidAnnotationProcessor:83 - Initialize AndroidAnnotations 3.3.2 with options {androidManifestFile=C:\Users\student7.WZR\Downloads\AndroidApp400-master\AndroidApp400-master\app\build\intermediates\manifests\full\debug\AndroidManifest.xml}
09:51:53.876 [Daemon worker Thread 8] INFO  o.a.AndroidAnnotationProcessor:107 - Start processing for 7 annotations on 5 elements
09:51:53.880 [Daemon worker Thread 8] DEBUG o.a.h.AndroidManifestFinder:98 - AndroidManifest.xml file found with specified path: C:\Users\student7.WZR\Downloads\AndroidApp400-master\AndroidApp400-master\app\build\intermediates\manifests\full\debug\AndroidManifest.xml
09:51:53.883 [Daemon worker Thread 8] INFO  o.a.AndroidAnnotationProcessor:170 - AndroidManifest.xml found: AndroidManifest [applicationPackage=pl.edu.ug.aib.firstApp, componentQualifiedNames=[pl.edu.ug.aib.firstApp.FirstActivity_, pl.edu.ug.aib.firstApp.SecondActivity_], permissionQualifiedNames=[], applicationClassName=null, libraryProject=false, debugabble=false, minSdkVersion=10, maxSdkVersion=-1, targetSdkVersion=23]
09:51:53.884 [Daemon worker Thread 8] INFO  o.a.r.ProjectRClassFinder:50 - Found project R class: pl.edu.ug.aib.firstApp.R
09:51:53.888 [Daemon worker Thread 8] INFO  o.a.r.AndroidRClassFinder:44 - Found Android class: android.R
09:51:53.903 [Daemon worker Thread 8] INFO  o.a.p.ModelValidator:42 - Validating elements
09:51:53.903 [Daemon worker Thread 8] DEBUG o.a.p.ModelValidator:62 - Validating with EActivityHandler: [pl.edu.ug.aib.firstApp.FirstActivity, pl.edu.ug.aib.firstApp.SecondActivity]
09:51:53.904 [Daemon worker Thread 8] DEBUG o.a.p.ModelValidator:62 - Validating with ViewByIdHandler: [username, password, welcomeText, phoneNumber]
09:51:53.905 [Daemon worker Thread 8] DEBUG o.a.p.ModelValidator:62 - Validating with ClickHandler: [loginClicked(), dialClicked()]
09:51:53.906 [Daemon worker Thread 8] DEBUG o.a.p.ModelValidator:62 - Validating with OptionsMenuHandler: [pl.edu.ug.aib.firstApp.FirstActivity]
09:51:53.909 [Daemon worker Thread 8] DEBUG o.a.p.ModelValidator:62 - Validating with OptionsItemHandler: [settingsSelected()]
09:51:53.909 [Daemon worker Thread 8] DEBUG o.a.p.ModelValidator:62 - Validating with ExtraHandler: [username]
09:51:53.910 [Daemon worker Thread 8] DEBUG o.a.p.ModelValidator:62 - Validating with AfterViewsHandler: [init()]
09:51:53.916 [Daemon worker Thread 8] INFO  o.a.p.ModelProcessor:74 - Processing root elements
09:51:53.916 [Daemon worker Thread 8] DEBUG o.a.p.ModelProcessor:176 - Processing root elements EActivityHandler: [pl.edu.ug.aib.firstApp.SecondActivity, pl.edu.ug.aib.firstApp.FirstActivity]
09:51:53.937 [Daemon worker Thread 8] INFO  o.a.p.ModelProcessor:86 - Processing enclosed elements
09:51:53.942 [Daemon worker Thread 8] INFO  o.a.AndroidAnnotationProcessor:249 - Number of files generated by AndroidAnnotations: 2
09:51:53.943 [Daemon worker Thread 8] INFO  o.a.g.ApiCodeGenerator:52 - Writting following API classes in project: []
09:51:53.944 [Daemon worker Thread 8] DEBUG o.a.g.SourceCodewriter:55 - Generating class: pl.edu.ug.aib.firstApp.FirstActivity_
09:51:53.967 [Daemon worker Thread 8] DEBUG o.a.g.SourceCodewriter:55 - Generating class: pl.edu.ug.aib.firstApp.SecondActivity_
09:51:53.992 [Daemon worker Thread 8] INFO  o.a.p.TimeStats:81 - Time measurements: [Whole Processing = 116 ms], [Generate Sources = 50 ms], [Process Annotations = 31 ms], [Find R Classes = 14 ms], [Validate Annotations = 9 ms], [Extract Manifest = 4 ms], [Extract Annotations = 2 ms], 
09:51:53.992 [Daemon worker Thread 8] INFO  o.a.AndroidAnnotationProcessor:121 - Finish processing
